<?xml version="1.0" encoding="UTF-8"?>
<coverage generated="1690482708930" clover="3.2.0">
  <project timestamp="1690482708930" name="All files">
    <metrics statements="26" coveredstatements="23" conditionals="18" coveredconditionals="16" methods="5" coveredmethods="3" elements="49" coveredelements="42" complexity="0" loc="26" ncloc="26" packages="1" files="1" classes="1"/>
    <file name="creatorPattern.ts" path="/Users/ymzemre/Desktop/ymzEmre/project/fogex/fogex/patterns/patternCreator/creatorPattern.ts">
      <metrics statements="26" coveredstatements="23" conditionals="18" coveredconditionals="16" methods="5" coveredmethods="3"/>
      <line num="1" count="1" type="stmt"/>
      <line num="2" count="11" type="stmt"/>
      <line num="3" count="11" type="stmt"/>
      <line num="4" count="11" type="stmt"/>
      <line num="6" count="11" type="stmt"/>
      <line num="7" count="31" type="cond" truecount="2" falsecount="0"/>
      <line num="8" count="3" type="stmt"/>
      <line num="12" count="31" type="stmt"/>
      <line num="14" count="11" type="stmt"/>
      <line num="15" count="3" type="stmt"/>
      <line num="18" count="11" type="stmt"/>
      <line num="20" count="11" type="stmt"/>
      <line num="21" count="11" type="stmt"/>
      <line num="22" count="0" type="stmt"/>
      <line num="23" count="0" type="cond" truecount="0" falsecount="2"/>
      <line num="27" count="0" type="stmt"/>
      <line num="31" count="11" type="stmt"/>
      <line num="33" count="11" type="cond" truecount="2" falsecount="0"/>
      <line num="35" count="11" type="cond" truecount="2" falsecount="0"/>
      <line num="37" count="11" type="cond" truecount="2" falsecount="0"/>
      <line num="39" count="11" type="cond" truecount="2" falsecount="0"/>
      <line num="40" count="11" type="cond" truecount="2" falsecount="0"/>
      <line num="41" count="11" type="cond" truecount="2" falsecount="0"/>
      <line num="42" count="11" type="cond" truecount="2" falsecount="0"/>
      <line num="44" count="11" type="stmt"/>
      <line num="48" count="11" type="stmt"/>
    </file>
  </project>
</coverage>
