<?xml version="1.0" encoding="UTF-8"?>
<coverage generated="1707486476981" clover="3.2.0">
  <project timestamp="1707486476981" name="All files">
    <metrics statements="188" coveredstatements="185" conditionals="97" coveredconditionals="87" methods="42" coveredmethods="42" elements="327" coveredelements="314" complexity="0" loc="188" ncloc="188" packages="3" files="29" classes="29"/>
    <package name="customPattern">
      <metrics statements="25" coveredstatements="25" conditionals="15" coveredconditionals="15" methods="3" coveredmethods="3"/>
      <file name="customPattern.ts" path="C:\Users\ymzem\Desktop\fogex.js-fogex.js\src\customPattern\customPattern.ts">
        <metrics statements="25" coveredstatements="25" conditionals="15" coveredconditionals="15" methods="3" coveredmethods="3"/>
        <line num="1" count="1" type="stmt"/>
        <line num="6" count="16" type="stmt"/>
        <line num="7" count="16" type="stmt"/>
        <line num="8" count="16" type="stmt"/>
        <line num="10" count="16" type="stmt"/>
        <line num="11" count="57" type="cond" truecount="1" falsecount="0"/>
        <line num="12" count="9" type="stmt"/>
        <line num="14" count="48" type="stmt"/>
        <line num="17" count="57" type="stmt"/>
        <line num="19" count="16" type="stmt"/>
        <line num="20" count="9" type="stmt"/>
        <line num="23" count="16" type="stmt"/>
        <line num="25" count="16" type="stmt"/>
        <line num="31" count="16" type="stmt"/>
        <line num="36" count="16" type="stmt"/>
        <line num="37" count="16" type="cond" truecount="2" falsecount="0"/>
        <line num="38" count="16" type="cond" truecount="2" falsecount="0"/>
        <line num="39" count="16" type="cond" truecount="2" falsecount="0"/>
        <line num="41" count="16" type="cond" truecount="2" falsecount="0"/>
        <line num="42" count="16" type="cond" truecount="2" falsecount="0"/>
        <line num="43" count="16" type="cond" truecount="2" falsecount="0"/>
        <line num="44" count="16" type="cond" truecount="2" falsecount="0"/>
        <line num="46" count="16" type="stmt"/>
        <line num="50" count="16" type="stmt"/>
        <line num="53" count="1" type="stmt"/>
      </file>
    </package>
    <package name="generatorPattern">
      <metrics statements="16" coveredstatements="16" conditionals="12" coveredconditionals="12" methods="12" coveredmethods="12"/>
      <file name="GeneratorPattern.ts" path="C:\Users\ymzem\Desktop\fogex.js-fogex.js\src\generatorPattern\GeneratorPattern.ts">
        <metrics statements="16" coveredstatements="16" conditionals="12" coveredconditionals="12" methods="12" coveredmethods="12"/>
        <line num="14" count="38" type="stmt"/>
        <line num="18" count="38" type="stmt"/>
        <line num="20" count="38" type="cond" truecount="2" falsecount="0"/>
        <line num="22" count="38" type="cond" truecount="2" falsecount="0"/>
        <line num="23" count="38" type="cond" truecount="2" falsecount="0"/>
        <line num="25" count="38" type="cond" truecount="2" falsecount="0"/>
        <line num="30" count="38" type="stmt"/>
        <line num="31" count="152" type="stmt"/>
        <line num="33" count="38" type="cond" truecount="2" falsecount="0"/>
        <line num="39" count="19" type="stmt"/>
        <line num="43" count="19" type="stmt"/>
        <line num="47" count="18" type="stmt"/>
        <line num="51" count="18" type="stmt"/>
        <line num="55" count="38" type="stmt"/>
        <line num="56" count="38" type="stmt"/>
        <line num="60" count="1" type="stmt"/>
      </file>
    </package>
    <package name="patterns">
      <metrics statements="147" coveredstatements="144" conditionals="70" coveredconditionals="60" methods="27" coveredmethods="27"/>
      <file name="isAscii.ts" path="C:\Users\ymzem\Desktop\fogex.js-fogex.js\src\patterns\isAscii.ts">
        <metrics statements="5" coveredstatements="5" conditionals="1" coveredconditionals="1" methods="1" coveredmethods="1"/>
        <line num="1" count="1" type="stmt"/>
        <line num="3" count="1" type="stmt"/>
        <line num="4" count="19" type="cond" truecount="1" falsecount="0"/>
        <line num="6" count="16" type="stmt"/>
        <line num="9" count="1" type="stmt"/>
      </file>
      <file name="isBoolean.ts" path="C:\Users\ymzem\Desktop\fogex.js-fogex.js\src\patterns\isBoolean.ts">
        <metrics statements="5" coveredstatements="5" conditionals="1" coveredconditionals="1" methods="1" coveredmethods="1"/>
        <line num="1" count="1" type="stmt"/>
        <line num="3" count="1" type="stmt"/>
        <line num="4" count="2" type="cond" truecount="1" falsecount="0"/>
        <line num="6" count="1" type="stmt"/>
        <line num="9" count="1" type="stmt"/>
      </file>
      <file name="isCase.ts" path="C:\Users\ymzem\Desktop\fogex.js-fogex.js\src\patterns\isCase.ts">
        <metrics statements="5" coveredstatements="5" conditionals="4" coveredconditionals="4" methods="1" coveredmethods="1"/>
        <line num="1" count="1" type="stmt"/>
        <line num="8" count="1" type="stmt"/>
        <line num="12" count="19" type="cond" truecount="2" falsecount="0"/>
        <line num="14" count="19" type="cond" truecount="2" falsecount="0"/>
        <line num="17" count="1" type="stmt"/>
      </file>
      <file name="isColorCode.ts" path="C:\Users\ymzem\Desktop\fogex.js-fogex.js\src\patterns\isColorCode.ts">
        <metrics statements="5" coveredstatements="5" conditionals="5" coveredconditionals="5" methods="1" coveredmethods="1"/>
        <line num="1" count="1" type="stmt"/>
        <line num="7" count="1" type="stmt"/>
        <line num="11" count="16" type="cond" truecount="1" falsecount="0"/>
        <line num="13" count="15" type="cond" truecount="4" falsecount="0"/>
        <line num="16" count="1" type="stmt"/>
      </file>
      <file name="isCreditCard.ts" path="C:\Users\ymzem\Desktop\fogex.js-fogex.js\src\patterns\isCreditCard.ts">
        <metrics statements="5" coveredstatements="5" conditionals="4" coveredconditionals="4" methods="1" coveredmethods="1"/>
        <line num="1" count="1" type="stmt"/>
        <line num="7" count="1" type="stmt"/>
        <line num="11" count="12" type="cond" truecount="2" falsecount="0"/>
        <line num="13" count="12" type="cond" truecount="2" falsecount="0"/>
        <line num="16" count="1" type="stmt"/>
      </file>
      <file name="isEmail.ts" path="C:\Users\ymzem\Desktop\fogex.js-fogex.js\src\patterns\isEmail.ts">
        <metrics statements="5" coveredstatements="5" conditionals="1" coveredconditionals="1" methods="1" coveredmethods="1"/>
        <line num="1" count="1" type="stmt"/>
        <line num="3" count="1" type="stmt"/>
        <line num="4" count="6" type="cond" truecount="1" falsecount="0"/>
        <line num="6" count="5" type="stmt"/>
        <line num="9" count="1" type="stmt"/>
      </file>
      <file name="isFloat.ts" path="C:\Users\ymzem\Desktop\fogex.js-fogex.js\src\patterns\isFloat.ts">
        <metrics statements="5" coveredstatements="5" conditionals="1" coveredconditionals="1" methods="1" coveredmethods="1"/>
        <line num="1" count="1" type="stmt"/>
        <line num="3" count="1" type="stmt"/>
        <line num="4" count="18" type="cond" truecount="1" falsecount="0"/>
        <line num="6" count="13" type="stmt"/>
        <line num="9" count="1" type="stmt"/>
      </file>
      <file name="isHash.ts" path="C:\Users\ymzem\Desktop\fogex.js-fogex.js\src\patterns\isHash.ts">
        <metrics statements="5" coveredstatements="5" conditionals="1" coveredconditionals="1" methods="1" coveredmethods="1"/>
        <line num="1" count="1" type="stmt"/>
        <line num="3" count="1" type="stmt"/>
        <line num="4" count="22" type="cond" truecount="1" falsecount="0"/>
        <line num="6" count="17" type="stmt"/>
        <line num="9" count="1" type="stmt"/>
      </file>
      <file name="isHour.ts" path="C:\Users\ymzem\Desktop\fogex.js-fogex.js\src\patterns\isHour.ts">
        <metrics statements="7" coveredstatements="7" conditionals="6" coveredconditionals="6" methods="1" coveredmethods="1"/>
        <line num="1" count="1" type="stmt"/>
        <line num="6" count="1" type="stmt"/>
        <line num="10" count="26" type="cond" truecount="1" falsecount="0"/>
        <line num="12" count="21" type="cond" truecount="3" falsecount="0"/>
        <line num="13" count="6" type="stmt"/>
        <line num="16" count="15" type="cond" truecount="2" falsecount="0"/>
        <line num="19" count="1" type="stmt"/>
      </file>
      <file name="isIdentityNumber.ts" path="C:\Users\ymzem\Desktop\fogex.js-fogex.js\src\patterns\isIdentityNumber.ts">
        <metrics statements="7" coveredstatements="7" conditionals="6" coveredconditionals="6" methods="1" coveredmethods="1"/>
        <line num="1" count="1" type="stmt"/>
        <line num="6" count="1" type="stmt"/>
        <line num="10" count="18" type="cond" truecount="1" falsecount="0"/>
        <line num="12" count="14" type="cond" truecount="3" falsecount="0"/>
        <line num="13" count="8" type="stmt"/>
        <line num="16" count="6" type="cond" truecount="2" falsecount="0"/>
        <line num="19" count="1" type="stmt"/>
      </file>
      <file name="isImageUrl.ts" path="C:\Users\ymzem\Desktop\fogex.js-fogex.js\src\patterns\isImageUrl.ts">
        <metrics statements="5" coveredstatements="5" conditionals="4" coveredconditionals="2" methods="1" coveredmethods="1"/>
        <line num="1" count="1" type="stmt"/>
        <line num="10" count="1" type="stmt"/>
        <line num="14" count="34" type="cond" truecount="1" falsecount="1"/>
        <line num="16" count="34" type="cond" truecount="1" falsecount="1"/>
        <line num="19" count="1" type="stmt"/>
      </file>
      <file name="isImei.ts" path="C:\Users\ymzem\Desktop\fogex.js-fogex.js\src\patterns\isImei.ts">
        <metrics statements="5" coveredstatements="5" conditionals="1" coveredconditionals="1" methods="1" coveredmethods="1"/>
        <line num="1" count="1" type="stmt"/>
        <line num="3" count="1" type="stmt"/>
        <line num="4" count="16" type="cond" truecount="1" falsecount="0"/>
        <line num="6" count="11" type="stmt"/>
        <line num="9" count="1" type="stmt"/>
      </file>
      <file name="isInteger.ts" path="C:\Users\ymzem\Desktop\fogex.js-fogex.js\src\patterns\isInteger.ts">
        <metrics statements="5" coveredstatements="4" conditionals="1" coveredconditionals="1" methods="1" coveredmethods="1"/>
        <line num="1" count="1" type="stmt"/>
        <line num="3" count="1" type="stmt"/>
        <line num="4" count="1" type="cond" truecount="1" falsecount="0"/>
        <line num="6" count="0" type="stmt"/>
        <line num="9" count="1" type="stmt"/>
      </file>
      <file name="isIp.ts" path="C:\Users\ymzem\Desktop\fogex.js-fogex.js\src\patterns\isIp.ts">
        <metrics statements="5" coveredstatements="5" conditionals="1" coveredconditionals="1" methods="1" coveredmethods="1"/>
        <line num="1" count="1" type="stmt"/>
        <line num="5" count="1" type="stmt"/>
        <line num="6" count="20" type="cond" truecount="1" falsecount="0"/>
        <line num="8" count="15" type="stmt"/>
        <line num="11" count="1" type="stmt"/>
      </file>
      <file name="isIsbn.ts" path="C:\Users\ymzem\Desktop\fogex.js-fogex.js\src\patterns\isIsbn.ts">
        <metrics statements="5" coveredstatements="5" conditionals="1" coveredconditionals="1" methods="1" coveredmethods="1"/>
        <line num="1" count="1" type="stmt"/>
        <line num="5" count="1" type="stmt"/>
        <line num="6" count="16" type="cond" truecount="1" falsecount="0"/>
        <line num="8" count="11" type="stmt"/>
        <line num="11" count="1" type="stmt"/>
      </file>
      <file name="isMac.ts" path="C:\Users\ymzem\Desktop\fogex.js-fogex.js\src\patterns\isMac.ts">
        <metrics statements="5" coveredstatements="5" conditionals="1" coveredconditionals="0" methods="1" coveredmethods="1"/>
        <line num="1" count="1" type="stmt"/>
        <line num="3" count="1" type="stmt"/>
        <line num="4" count="5" type="cond" truecount="0" falsecount="1"/>
        <line num="6" count="5" type="stmt"/>
        <line num="9" count="1" type="stmt"/>
      </file>
      <file name="isMd5.ts" path="C:\Users\ymzem\Desktop\fogex.js-fogex.js\src\patterns\isMd5.ts">
        <metrics statements="5" coveredstatements="5" conditionals="1" coveredconditionals="1" methods="1" coveredmethods="1"/>
        <line num="1" count="1" type="stmt"/>
        <line num="3" count="1" type="stmt"/>
        <line num="4" count="19" type="cond" truecount="1" falsecount="0"/>
        <line num="6" count="14" type="stmt"/>
        <line num="9" count="1" type="stmt"/>
      </file>
      <file name="isMongoId.ts" path="C:\Users\ymzem\Desktop\fogex.js-fogex.js\src\patterns\isMongoId.ts">
        <metrics statements="5" coveredstatements="5" conditionals="1" coveredconditionals="1" methods="1" coveredmethods="1"/>
        <line num="1" count="1" type="stmt"/>
        <line num="3" count="1" type="stmt"/>
        <line num="4" count="16" type="cond" truecount="1" falsecount="0"/>
        <line num="6" count="11" type="stmt"/>
        <line num="9" count="1" type="stmt"/>
      </file>
      <file name="isMonth.ts" path="C:\Users\ymzem\Desktop\fogex.js-fogex.js\src\patterns\isMonth.ts">
        <metrics statements="5" coveredstatements="5" conditionals="1" coveredconditionals="1" methods="1" coveredmethods="1"/>
        <line num="1" count="1" type="stmt"/>
        <line num="5" count="1" type="stmt"/>
        <line num="6" count="26" type="cond" truecount="1" falsecount="0"/>
        <line num="8" count="21" type="stmt"/>
        <line num="11" count="1" type="stmt"/>
      </file>
      <file name="isPassword.ts" path="C:\Users\ymzem\Desktop\fogex.js-fogex.js\src\patterns\isPassword.ts">
        <metrics statements="5" coveredstatements="5" conditionals="1" coveredconditionals="0" methods="1" coveredmethods="1"/>
        <line num="1" count="1" type="stmt"/>
        <line num="5" count="1" type="stmt"/>
        <line num="6" count="2" type="cond" truecount="0" falsecount="1"/>
        <line num="8" count="2" type="stmt"/>
        <line num="11" count="1" type="stmt"/>
      </file>
      <file name="isPhoneNumber.ts" path="C:\Users\ymzem\Desktop\fogex.js-fogex.js\src\patterns\isPhoneNumber.ts">
        <metrics statements="7" coveredstatements="7" conditionals="6" coveredconditionals="6" methods="1" coveredmethods="1"/>
        <line num="1" count="1" type="stmt"/>
        <line num="6" count="1" type="stmt"/>
        <line num="10" count="21" type="cond" truecount="1" falsecount="0"/>
        <line num="12" count="16" type="cond" truecount="3" falsecount="0"/>
        <line num="13" count="6" type="stmt"/>
        <line num="16" count="10" type="cond" truecount="2" falsecount="0"/>
        <line num="19" count="1" type="stmt"/>
      </file>
      <file name="isPin.ts" path="C:\Users\ymzem\Desktop\fogex.js-fogex.js\src\patterns\isPin.ts">
        <metrics statements="7" coveredstatements="7" conditionals="6" coveredconditionals="6" methods="1" coveredmethods="1"/>
        <line num="1" count="1" type="stmt"/>
        <line num="6" count="1" type="stmt"/>
        <line num="10" count="20" type="cond" truecount="1" falsecount="0"/>
        <line num="12" count="15" type="cond" truecount="3" falsecount="0"/>
        <line num="13" count="8" type="stmt"/>
        <line num="16" count="7" type="cond" truecount="2" falsecount="0"/>
        <line num="19" count="1" type="stmt"/>
      </file>
      <file name="isPlate.ts" path="C:\Users\ymzem\Desktop\fogex.js-fogex.js\src\patterns\isPlate.ts">
        <metrics statements="7" coveredstatements="6" conditionals="6" coveredconditionals="3" methods="1" coveredmethods="1"/>
        <line num="1" count="1" type="stmt"/>
        <line num="6" count="1" type="stmt"/>
        <line num="10" count="3" type="cond" truecount="0" falsecount="1"/>
        <line num="12" count="3" type="cond" truecount="3" falsecount="0"/>
        <line num="13" count="3" type="stmt"/>
        <line num="16" count="0" type="cond" truecount="0" falsecount="2"/>
        <line num="18" count="1" type="stmt"/>
      </file>
      <file name="isPort.ts" path="C:\Users\ymzem\Desktop\fogex.js-fogex.js\src\patterns\isPort.ts">
        <metrics statements="5" coveredstatements="5" conditionals="1" coveredconditionals="1" methods="1" coveredmethods="1"/>
        <line num="1" count="1" type="stmt"/>
        <line num="5" count="1" type="stmt"/>
        <line num="6" count="13" type="cond" truecount="1" falsecount="0"/>
        <line num="8" count="9" type="stmt"/>
        <line num="11" count="1" type="stmt"/>
      </file>
      <file name="isPostalCode.ts" path="C:\Users\ymzem\Desktop\fogex.js-fogex.js\src\patterns\isPostalCode.ts">
        <metrics statements="7" coveredstatements="6" conditionals="6" coveredconditionals="3" methods="1" coveredmethods="1"/>
        <line num="1" count="1" type="stmt"/>
        <line num="6" count="1" type="stmt"/>
        <line num="10" count="5" type="cond" truecount="0" falsecount="1"/>
        <line num="12" count="5" type="cond" truecount="3" falsecount="0"/>
        <line num="13" count="5" type="stmt"/>
        <line num="16" count="0" type="cond" truecount="0" falsecount="2"/>
        <line num="19" count="1" type="stmt"/>
      </file>
      <file name="isString.ts" path="C:\Users\ymzem\Desktop\fogex.js-fogex.js\src\patterns\isString.ts">
        <metrics statements="5" coveredstatements="5" conditionals="1" coveredconditionals="1" methods="1" coveredmethods="1"/>
        <line num="1" count="1" type="stmt"/>
        <line num="3" count="1" type="stmt"/>
        <line num="4" count="2" type="cond" truecount="1" falsecount="0"/>
        <line num="6" count="1" type="stmt"/>
        <line num="9" count="1" type="stmt"/>
      </file>
      <file name="isWhiteSpace.ts" path="C:\Users\ymzem\Desktop\fogex.js-fogex.js\src\patterns\isWhiteSpace.ts">
        <metrics statements="5" coveredstatements="5" conditionals="1" coveredconditionals="1" methods="1" coveredmethods="1"/>
        <line num="1" count="1" type="stmt"/>
        <line num="3" count="1" type="stmt"/>
        <line num="4" count="12" type="cond" truecount="1" falsecount="0"/>
        <line num="6" count="9" type="stmt"/>
        <line num="9" count="1" type="stmt"/>
      </file>
    </package>
  </project>
</coverage>
