{"/Users/ymzemre/Desktop/ymzEmre/project/fogex/fogex/patterns/patternCreator/creatorPattern.ts": {"path":"/Users/ymzemre/Desktop/ymzEmre/project/fogex/fogex/patterns/patternCreator/creatorPattern.ts","statementMap":{"0":{"start":{"line":1,"column":23},"end":{"line":49,"column":1}},"1":{"start":{"line":2,"column":30},"end":{"line":2,"column":32}},"2":{"start":{"line":3,"column":29},"end":{"line":3,"column":31}},"3":{"start":{"line":4,"column":21},"end":{"line":4,"column":38}},"4":{"start":{"line":6,"column":10},"end":{"line":10,"column":4}},"5":{"start":{"line":7,"column":4},"end":{"line":9,"column":5}},"6":{"start":{"line":8,"column":6},"end":{"line":8,"column":22}},"7":{"start":{"line":12,"column":2},"end":{"line":12,"column":44}},"8":{"start":{"line":12,"column":25},"end":{"line":12,"column":43}},"9":{"start":{"line":14,"column":2},"end":{"line":16,"column":3}},"10":{"start":{"line":14,"column":15},"end":{"line":14,"column":16}},"11":{"start":{"line":15,"column":4},"end":{"line":15,"column":53}},"12":{"start":{"line":18,"column":12},"end":{"line":18,"column":30}},"13":{"start":{"line":20,"column":2},"end":{"line":20,"column":28}},"14":{"start":{"line":21,"column":18},"end":{"line":29,"column":3}},"15":{"start":{"line":22,"column":4},"end":{"line":28,"column":10}},"16":{"start":{"line":23,"column":7},"end":{"line":25,"column":7}},"17":{"start":{"line":27,"column":6},"end":{"line":27,"column":19}},"18":{"start":{"line":31,"column":20},"end":{"line":31,"column":46}},"19":{"start":{"line":33,"column":4},"end":{"line":33,"column":68}},"20":{"start":{"line":35,"column":4},"end":{"line":35,"column":68}},"21":{"start":{"line":37,"column":4},"end":{"line":37,"column":68}},"22":{"start":{"line":39,"column":27},"end":{"line":39,"column":57}},"23":{"start":{"line":40,"column":27},"end":{"line":40,"column":57}},"24":{"start":{"line":41,"column":24},"end":{"line":41,"column":51}},"25":{"start":{"line":42,"column":29},"end":{"line":42,"column":66}},"26":{"start":{"line":44,"column":26},"end":{"line":46,"column":3}},"27":{"start":{"line":48,"column":2},"end":{"line":48,"column":36}}},"fnMap":{"0":{"name":"(anonymous_0)","decl":{"start":{"line":1,"column":23},"end":{"line":1,"column":24}},"loc":{"start":{"line":1,"column":58},"end":{"line":49,"column":1}},"line":1},"1":{"name":"(anonymous_1)","decl":{"start":{"line":6,"column":32},"end":{"line":6,"column":33}},"loc":{"start":{"line":6,"column":49},"end":{"line":10,"column":3}},"line":6},"2":{"name":"(anonymous_2)","decl":{"start":{"line":12,"column":15},"end":{"line":12,"column":16}},"loc":{"start":{"line":12,"column":25},"end":{"line":12,"column":43}},"line":12},"3":{"name":"(anonymous_3)","decl":{"start":{"line":21,"column":18},"end":{"line":21,"column":19}},"loc":{"start":{"line":21,"column":34},"end":{"line":29,"column":3}},"line":21},"4":{"name":"(anonymous_4)","decl":{"start":{"line":22,"column":24},"end":{"line":22,"column":25}},"loc":{"start":{"line":22,"column":50},"end":{"line":28,"column":5}},"line":22}},"branchMap":{"0":{"loc":{"start":{"line":7,"column":4},"end":{"line":9,"column":5}},"type":"if","locations":[{"start":{"line":7,"column":4},"end":{"line":9,"column":5}},{"start":{},"end":{}}],"line":7},"1":{"loc":{"start":{"line":23,"column":36},"end":{"line":23,"column":67}},"type":"binary-expr","locations":[{"start":{"line":23,"column":36},"end":{"line":23,"column":61}},{"start":{"line":23,"column":65},"end":{"line":23,"column":67}}],"line":23},"2":{"loc":{"start":{"line":33,"column":4},"end":{"line":33,"column":68}},"type":"binary-expr","locations":[{"start":{"line":33,"column":4},"end":{"line":33,"column":30}},{"start":{"line":33,"column":34},"end":{"line":33,"column":68}}],"line":33},"3":{"loc":{"start":{"line":35,"column":4},"end":{"line":35,"column":68}},"type":"binary-expr","locations":[{"start":{"line":35,"column":4},"end":{"line":35,"column":30}},{"start":{"line":35,"column":34},"end":{"line":35,"column":68}}],"line":35},"4":{"loc":{"start":{"line":37,"column":4},"end":{"line":37,"column":68}},"type":"binary-expr","locations":[{"start":{"line":37,"column":4},"end":{"line":37,"column":30}},{"start":{"line":37,"column":34},"end":{"line":37,"column":68}}],"line":37},"5":{"loc":{"start":{"line":39,"column":27},"end":{"line":39,"column":57}},"type":"cond-expr","locations":[{"start":{"line":39,"column":39},"end":{"line":39,"column":52}},{"start":{"line":39,"column":55},"end":{"line":39,"column":57}}],"line":39},"6":{"loc":{"start":{"line":40,"column":27},"end":{"line":40,"column":57}},"type":"cond-expr","locations":[{"start":{"line":40,"column":39},"end":{"line":40,"column":52}},{"start":{"line":40,"column":55},"end":{"line":40,"column":57}}],"line":40},"7":{"loc":{"start":{"line":41,"column":24},"end":{"line":41,"column":51}},"type":"cond-expr","locations":[{"start":{"line":41,"column":33},"end":{"line":41,"column":46}},{"start":{"line":41,"column":49},"end":{"line":41,"column":51}}],"line":41},"8":{"loc":{"start":{"line":42,"column":29},"end":{"line":42,"column":66}},"type":"cond-expr","locations":[{"start":{"line":42,"column":43},"end":{"line":42,"column":61}},{"start":{"line":42,"column":64},"end":{"line":42,"column":66}}],"line":42}},"s":{"0":1,"1":11,"2":11,"3":11,"4":11,"5":31,"6":3,"7":11,"8":31,"9":11,"10":11,"11":3,"12":11,"13":11,"14":11,"15":0,"16":0,"17":0,"18":11,"19":11,"20":11,"21":11,"22":11,"23":11,"24":11,"25":11,"26":11,"27":11},"f":{"0":11,"1":31,"2":31,"3":0,"4":0},"b":{"0":[3,28],"1":[0,0],"2":[11,8],"3":[11,6],"4":[11,6],"5":[8,3],"6":[7,4],"7":[6,5],"8":[5,6]},"_coverageSchema":"1a1c01bbd47fc00a2c39e90264f33305004495a9","hash":"bcf498fa2c6fc048e8a156f892f2166b598d3268"}
}
