{"C:\\Users\\ymzem\\Desktop\\fogex.js-fogex.js\\src\\customPattern\\customPattern.ts": {"path":"C:\\Users\\ymzem\\Desktop\\fogex.js-fogex.js\\src\\customPattern\\customPattern.ts","statementMap":{"0":{"start":{"line":1,"column":22},"end":{"line":51,"column":1}},"1":{"start":{"line":6,"column":40},"end":{"line":6,"column":42}},"2":{"start":{"line":7,"column":41},"end":{"line":7,"column":43}},"3":{"start":{"line":8,"column":21},"end":{"line":8,"column":38}},"4":{"start":{"line":10,"column":10},"end":{"line":15,"column":4}},"5":{"start":{"line":11,"column":4},"end":{"line":13,"column":5}},"6":{"start":{"line":12,"column":6},"end":{"line":12,"column":23}},"7":{"start":{"line":14,"column":4},"end":{"line":14,"column":21}},"8":{"start":{"line":17,"column":2},"end":{"line":17,"column":45}},"9":{"start":{"line":17,"column":25},"end":{"line":17,"column":43}},"10":{"start":{"line":19,"column":2},"end":{"line":21,"column":3}},"11":{"start":{"line":19,"column":15},"end":{"line":19,"column":16}},"12":{"start":{"line":20,"column":4},"end":{"line":20,"column":65}},"13":{"start":{"line":23,"column":12},"end":{"line":23,"column":30}},"14":{"start":{"line":25,"column":2},"end":{"line":25,"column":29}},"15":{"start":{"line":31,"column":0},"end":{"line":31,"column":null}},"16":{"start":{"line":36,"column":20},"end":{"line":36,"column":46}},"17":{"start":{"line":37,"column":20},"end":{"line":37,"column":84}},"18":{"start":{"line":38,"column":17},"end":{"line":38,"column":81}},"19":{"start":{"line":39,"column":22},"end":{"line":39,"column":86}},"20":{"start":{"line":41,"column":27},"end":{"line":41,"column":57}},"21":{"start":{"line":42,"column":27},"end":{"line":42,"column":57}},"22":{"start":{"line":43,"column":24},"end":{"line":43,"column":51}},"23":{"start":{"line":44,"column":29},"end":{"line":44,"column":66}},"24":{"start":{"line":46,"column":26},"end":{"line":47,"column":null}},"25":{"start":{"line":50,"column":2},"end":{"line":50,"column":37}},"26":{"start":{"line":53,"column":0},"end":{"line":53,"column":29}}},"fnMap":{"0":{"name":"(anonymous_0)","decl":{"start":{"line":1,"column":22},"end":{"line":1,"column":null}},"loc":{"start":{"line":5,"column":13},"end":{"line":51,"column":1}}},"1":{"name":"(anonymous_1)","decl":{"start":{"line":10,"column":32},"end":{"line":10,"column":33}},"loc":{"start":{"line":10,"column":64},"end":{"line":15,"column":3}}},"2":{"name":"(anonymous_2)","decl":{"start":{"line":17,"column":15},"end":{"line":17,"column":16}},"loc":{"start":{"line":17,"column":25},"end":{"line":17,"column":43}}}},"branchMap":{"0":{"loc":{"start":{"line":11,"column":4},"end":{"line":13,"column":5}},"type":"if","locations":[{"start":{"line":11,"column":4},"end":{"line":13,"column":5}}]},"1":{"loc":{"start":{"line":37,"column":20},"end":{"line":37,"column":84}},"type":"binary-expr","locations":[{"start":{"line":37,"column":20},"end":{"line":37,"column":46}},{"start":{"line":37,"column":50},"end":{"line":37,"column":84}}]},"2":{"loc":{"start":{"line":38,"column":17},"end":{"line":38,"column":81}},"type":"binary-expr","locations":[{"start":{"line":38,"column":17},"end":{"line":38,"column":43}},{"start":{"line":38,"column":47},"end":{"line":38,"column":81}}]},"3":{"loc":{"start":{"line":39,"column":22},"end":{"line":39,"column":86}},"type":"binary-expr","locations":[{"start":{"line":39,"column":22},"end":{"line":39,"column":48}},{"start":{"line":39,"column":52},"end":{"line":39,"column":86}}]},"4":{"loc":{"start":{"line":41,"column":27},"end":{"line":41,"column":57}},"type":"cond-expr","locations":[{"start":{"line":41,"column":39},"end":{"line":41,"column":52}},{"start":{"line":41,"column":55},"end":{"line":41,"column":57}}]},"5":{"loc":{"start":{"line":42,"column":27},"end":{"line":42,"column":57}},"type":"cond-expr","locations":[{"start":{"line":42,"column":39},"end":{"line":42,"column":52}},{"start":{"line":42,"column":55},"end":{"line":42,"column":57}}]},"6":{"loc":{"start":{"line":43,"column":24},"end":{"line":43,"column":51}},"type":"cond-expr","locations":[{"start":{"line":43,"column":33},"end":{"line":43,"column":46}},{"start":{"line":43,"column":49},"end":{"line":43,"column":51}}]},"7":{"loc":{"start":{"line":44,"column":29},"end":{"line":44,"column":66}},"type":"cond-expr","locations":[{"start":{"line":44,"column":43},"end":{"line":44,"column":61}},{"start":{"line":44,"column":64},"end":{"line":44,"column":66}}]}},"s":{"0":1,"1":16,"2":16,"3":16,"4":16,"5":57,"6":9,"7":48,"8":16,"9":57,"10":16,"11":16,"12":9,"13":16,"14":16,"15":16,"16":16,"17":16,"18":16,"19":16,"20":16,"21":16,"22":16,"23":16,"24":16,"25":16,"26":1},"f":{"0":16,"1":57,"2":57},"b":{"0":[9],"1":[16,13],"2":[16,11],"3":[16,11],"4":[13,3],"5":[8,8],"6":[11,5],"7":[7,9]}}
,"C:\\Users\\ymzem\\Desktop\\fogex.js-fogex.js\\src\\generatorPattern\\GeneratorPattern.ts": {"path":"C:\\Users\\ymzem\\Desktop\\fogex.js-fogex.js\\src\\generatorPattern\\GeneratorPattern.ts","statementMap":{"0":{"start":{"line":14,"column":4},"end":{"line":14,"column":null}},"1":{"start":{"line":18,"column":25},"end":{"line":28,"column":null}},"2":{"start":{"line":20,"column":8},"end":{"line":20,"column":67}},"3":{"start":{"line":22,"column":8},"end":{"line":22,"column":67}},"4":{"start":{"line":23,"column":21},"end":{"line":23,"column":72}},"5":{"start":{"line":25,"column":8},"end":{"line":27,"column":57}},"6":{"start":{"line":30,"column":21},"end":{"line":31,"column":null}},"7":{"start":{"line":31,"column":6},"end":{"line":31,"column":23}},"8":{"start":{"line":33,"column":4},"end":{"line":35,"column":null}},"9":{"start":{"line":39,"column":4},"end":{"line":39,"column":null}},"10":{"start":{"line":43,"column":4},"end":{"line":43,"column":null}},"11":{"start":{"line":47,"column":4},"end":{"line":47,"column":null}},"12":{"start":{"line":51,"column":4},"end":{"line":51,"column":null}},"13":{"start":{"line":55,"column":18},"end":{"line":55,"column":47}},"14":{"start":{"line":56,"column":4},"end":{"line":56,"column":null}},"15":{"start":{"line":60,"column":0},"end":{"line":60,"column":null}}},"fnMap":{"0":{"name":"(anonymous_0)","decl":{"start":{"line":13,"column":2},"end":{"line":13,"column":14}},"loc":{"start":{"line":13,"column":30},"end":{"line":15,"column":3}}},"1":{"name":"(anonymous_1)","decl":{"start":{"line":17,"column":10},"end":{"line":17,"column":27}},"loc":{"start":{"line":17,"column":44},"end":{"line":36,"column":3}}},"2":{"name":"(anonymous_2)","decl":{"start":{"line":19,"column":17},"end":{"line":19,"column":20}},"loc":{"start":{"line":20,"column":8},"end":{"line":20,"column":67}}},"3":{"name":"(anonymous_3)","decl":{"start":{"line":21,"column":17},"end":{"line":21,"column":20}},"loc":{"start":{"line":22,"column":8},"end":{"line":22,"column":67}}},"4":{"name":"(anonymous_4)","decl":{"start":{"line":23,"column":14},"end":{"line":23,"column":17}},"loc":{"start":{"line":23,"column":21},"end":{"line":23,"column":72}}},"5":{"name":"(anonymous_5)","decl":{"start":{"line":24,"column":24},"end":{"line":24,"column":27}},"loc":{"start":{"line":25,"column":8},"end":{"line":27,"column":57}}},"6":{"name":"(anonymous_6)","decl":{"start":{"line":30,"column":53},"end":{"line":30,"column":54}},"loc":{"start":{"line":31,"column":6},"end":{"line":31,"column":23}}},"7":{"name":"(anonymous_7)","decl":{"start":{"line":38,"column":10},"end":{"line":38,"column":26}},"loc":{"start":{"line":38,"column":26},"end":{"line":40,"column":3}}},"8":{"name":"(anonymous_8)","decl":{"start":{"line":42,"column":10},"end":{"line":42,"column":26}},"loc":{"start":{"line":42,"column":26},"end":{"line":44,"column":3}}},"9":{"name":"(anonymous_9)","decl":{"start":{"line":46,"column":10},"end":{"line":46,"column":23}},"loc":{"start":{"line":46,"column":23},"end":{"line":48,"column":3}}},"10":{"name":"(anonymous_10)","decl":{"start":{"line":50,"column":10},"end":{"line":50,"column":33}},"loc":{"start":{"line":50,"column":33},"end":{"line":52,"column":3}}},"11":{"name":"(anonymous_11)","decl":{"start":{"line":54,"column":2},"end":{"line":54,"column":10}},"loc":{"start":{"line":54,"column":24},"end":{"line":57,"column":3}}}},"branchMap":{"0":{"loc":{"start":{"line":20,"column":8},"end":{"line":20,"column":67}},"type":"cond-expr","locations":[{"start":{"line":20,"column":28},"end":{"line":20,"column":51}},{"start":{"line":20,"column":54},"end":{"line":20,"column":67}}]},"1":{"loc":{"start":{"line":22,"column":8},"end":{"line":22,"column":67}},"type":"cond-expr","locations":[{"start":{"line":22,"column":28},"end":{"line":22,"column":51}},{"start":{"line":22,"column":54},"end":{"line":22,"column":67}}]},"2":{"loc":{"start":{"line":23,"column":21},"end":{"line":23,"column":72}},"type":"cond-expr","locations":[{"start":{"line":23,"column":38},"end":{"line":23,"column":58}},{"start":{"line":23,"column":61},"end":{"line":23,"column":72}}]},"3":{"loc":{"start":{"line":25,"column":8},"end":{"line":27,"column":57}},"type":"cond-expr","locations":[{"start":{"line":26,"column":12},"end":{"line":26,"column":42}},{"start":{"line":27,"column":12},"end":{"line":27,"column":57}}]},"4":{"loc":{"start":{"line":33,"column":37},"end":{"line":33,"column":59}},"type":"binary-expr","locations":[{"start":{"line":33,"column":37},"end":{"line":33,"column":54}},{"start":{"line":33,"column":58},"end":{"line":33,"column":59}}]},"5":{"loc":{"start":{"line":34,"column":6},"end":{"line":34,"column":null}},"type":"binary-expr","locations":[{"start":{"line":34,"column":6},"end":{"line":34,"column":23}},{"start":{"line":34,"column":27},"end":{"line":34,"column":null}}]}},"s":{"0":38,"1":38,"2":38,"3":38,"4":38,"5":38,"6":38,"7":152,"8":38,"9":19,"10":19,"11":18,"12":18,"13":38,"14":38,"15":1},"f":{"0":38,"1":38,"2":38,"3":38,"4":38,"5":38,"6":152,"7":19,"8":19,"9":18,"10":18,"11":38},"b":{"0":[19,19],"1":[19,19],"2":[18,20],"3":[18,20],"4":[38,33],"5":[38,34]}}
,"C:\\Users\\ymzem\\Desktop\\fogex.js-fogex.js\\src\\patterns\\isAscii.ts": {"path":"C:\\Users\\ymzem\\Desktop\\fogex.js-fogex.js\\src\\patterns\\isAscii.ts","statementMap":{"0":{"start":{"line":1,"column":16},"end":{"line":1,"column":44}},"1":{"start":{"line":3,"column":16},"end":{"line":7,"column":1}},"2":{"start":{"line":4,"column":2},"end":{"line":4,"column":null}},"3":{"start":{"line":4,"column":14},"end":{"line":4,"column":null}},"4":{"start":{"line":6,"column":2},"end":{"line":6,"column":null}},"5":{"start":{"line":9,"column":0},"end":{"line":9,"column":null}}},"fnMap":{"0":{"name":"(anonymous_0)","decl":{"start":{"line":3,"column":16},"end":{"line":3,"column":17}},"loc":{"start":{"line":3,"column":32},"end":{"line":7,"column":1}}}},"branchMap":{"0":{"loc":{"start":{"line":4,"column":2},"end":{"line":4,"column":null}},"type":"if","locations":[{"start":{"line":4,"column":2},"end":{"line":4,"column":null}}]}},"s":{"0":1,"1":1,"2":19,"3":3,"4":16,"5":1},"f":{"0":19},"b":{"0":[3]}}
,"C:\\Users\\ymzem\\Desktop\\fogex.js-fogex.js\\src\\patterns\\isBoolean.ts": {"path":"C:\\Users\\ymzem\\Desktop\\fogex.js-fogex.js\\src\\patterns\\isBoolean.ts","statementMap":{"0":{"start":{"line":1,"column":16},"end":{"line":1,"column":48}},"1":{"start":{"line":3,"column":18},"end":{"line":7,"column":1}},"2":{"start":{"line":4,"column":2},"end":{"line":4,"column":null}},"3":{"start":{"line":4,"column":14},"end":{"line":4,"column":null}},"4":{"start":{"line":6,"column":2},"end":{"line":6,"column":null}},"5":{"start":{"line":9,"column":0},"end":{"line":9,"column":null}}},"fnMap":{"0":{"name":"(anonymous_0)","decl":{"start":{"line":3,"column":18},"end":{"line":3,"column":19}},"loc":{"start":{"line":3,"column":34},"end":{"line":7,"column":1}}}},"branchMap":{"0":{"loc":{"start":{"line":4,"column":2},"end":{"line":4,"column":null}},"type":"if","locations":[{"start":{"line":4,"column":2},"end":{"line":4,"column":null}}]}},"s":{"0":1,"1":1,"2":2,"3":1,"4":1,"5":1},"f":{"0":2},"b":{"0":[1]}}
,"C:\\Users\\ymzem\\Desktop\\fogex.js-fogex.js\\src\\patterns\\isCase.ts": {"path":"C:\\Users\\ymzem\\Desktop\\fogex.js-fogex.js\\src\\patterns\\isCase.ts","statementMap":{"0":{"start":{"line":1,"column":16},"end":{"line":6,"column":null}},"1":{"start":{"line":8,"column":15},"end":{"line":15,"column":1}},"2":{"start":{"line":12,"column":22},"end":{"line":12,"column":59}},"3":{"start":{"line":14,"column":2},"end":{"line":14,"column":null}},"4":{"start":{"line":17,"column":0},"end":{"line":17,"column":null}}},"fnMap":{"0":{"name":"(anonymous_0)","decl":{"start":{"line":8,"column":15},"end":{"line":8,"column":null}},"loc":{"start":{"line":11,"column":25},"end":{"line":15,"column":1}}}},"branchMap":{"0":{"loc":{"start":{"line":12,"column":41},"end":{"line":12,"column":57}},"type":"binary-expr","locations":[{"start":{"line":12,"column":41},"end":{"line":12,"column":46}},{"start":{"line":12,"column":50},"end":{"line":12,"column":57}}]},"1":{"loc":{"start":{"line":14,"column":26},"end":{"line":14,"column":37}},"type":"binary-expr","locations":[{"start":{"line":14,"column":26},"end":{"line":14,"column":31}},{"start":{"line":14,"column":35},"end":{"line":14,"column":37}}]}},"s":{"0":1,"1":1,"2":19,"3":19,"4":1},"f":{"0":19},"b":{"0":[19,7],"1":[19,3]}}
,"C:\\Users\\ymzem\\Desktop\\fogex.js-fogex.js\\src\\patterns\\isColorCode.ts": {"path":"C:\\Users\\ymzem\\Desktop\\fogex.js-fogex.js\\src\\patterns\\isColorCode.ts","statementMap":{"0":{"start":{"line":1,"column":16},"end":{"line":5,"column":null}},"1":{"start":{"line":7,"column":20},"end":{"line":14,"column":1}},"2":{"start":{"line":11,"column":2},"end":{"line":11,"column":null}},"3":{"start":{"line":11,"column":14},"end":{"line":11,"column":null}},"4":{"start":{"line":13,"column":2},"end":{"line":13,"column":null}},"5":{"start":{"line":16,"column":0},"end":{"line":16,"column":null}}},"fnMap":{"0":{"name":"(anonymous_0)","decl":{"start":{"line":7,"column":20},"end":{"line":7,"column":null}},"loc":{"start":{"line":10,"column":25},"end":{"line":14,"column":1}}}},"branchMap":{"0":{"loc":{"start":{"line":11,"column":2},"end":{"line":11,"column":null}},"type":"if","locations":[{"start":{"line":11,"column":2},"end":{"line":11,"column":null}}]},"1":{"loc":{"start":{"line":13,"column":17},"end":{"line":13,"column":35}},"type":"cond-expr","locations":[{"start":{"line":13,"column":17},"end":{"line":13,"column":26}},{"start":{"line":13,"column":30},"end":{"line":13,"column":35}}]},"2":{"loc":{"start":{"line":13,"column":17},"end":{"line":13,"column":30}},"type":"binary-expr","locations":[{"start":{"line":13,"column":17},"end":{"line":13,"column":30}},{"start":{"line":13,"column":17},"end":{"line":13,"column":30}}]}},"s":{"0":1,"1":1,"2":16,"3":1,"4":15,"5":1},"f":{"0":16},"b":{"0":[1],"1":[14,1],"2":[15,15]}}
,"C:\\Users\\ymzem\\Desktop\\fogex.js-fogex.js\\src\\patterns\\isCreditCard.ts": {"path":"C:\\Users\\ymzem\\Desktop\\fogex.js-fogex.js\\src\\patterns\\isCreditCard.ts","statementMap":{"0":{"start":{"line":1,"column":16},"end":{"line":5,"column":null}},"1":{"start":{"line":7,"column":21},"end":{"line":14,"column":1}},"2":{"start":{"line":11,"column":22},"end":{"line":11,"column":64}},"3":{"start":{"line":13,"column":2},"end":{"line":13,"column":null}},"4":{"start":{"line":16,"column":0},"end":{"line":16,"column":null}}},"fnMap":{"0":{"name":"(anonymous_0)","decl":{"start":{"line":7,"column":21},"end":{"line":7,"column":null}},"loc":{"start":{"line":10,"column":13},"end":{"line":14,"column":1}}}},"branchMap":{"0":{"loc":{"start":{"line":11,"column":41},"end":{"line":11,"column":62}},"type":"binary-expr","locations":[{"start":{"line":11,"column":41},"end":{"line":11,"column":49}},{"start":{"line":11,"column":53},"end":{"line":11,"column":62}}]},"1":{"loc":{"start":{"line":13,"column":26},"end":{"line":13,"column":37}},"type":"binary-expr","locations":[{"start":{"line":13,"column":26},"end":{"line":13,"column":31}},{"start":{"line":13,"column":35},"end":{"line":13,"column":37}}]}},"s":{"0":1,"1":1,"2":12,"3":12,"4":1},"f":{"0":12},"b":{"0":[12,5],"1":[12,3]}}
,"C:\\Users\\ymzem\\Desktop\\fogex.js-fogex.js\\src\\patterns\\isEmail.ts": {"path":"C:\\Users\\ymzem\\Desktop\\fogex.js-fogex.js\\src\\patterns\\isEmail.ts","statementMap":{"0":{"start":{"line":1,"column":14},"end":{"line":1,"column":72}},"1":{"start":{"line":3,"column":16},"end":{"line":7,"column":1}},"2":{"start":{"line":4,"column":2},"end":{"line":4,"column":null}},"3":{"start":{"line":4,"column":14},"end":{"line":4,"column":null}},"4":{"start":{"line":6,"column":2},"end":{"line":6,"column":null}},"5":{"start":{"line":9,"column":0},"end":{"line":9,"column":null}}},"fnMap":{"0":{"name":"(anonymous_0)","decl":{"start":{"line":3,"column":16},"end":{"line":3,"column":17}},"loc":{"start":{"line":3,"column":40},"end":{"line":7,"column":1}}}},"branchMap":{"0":{"loc":{"start":{"line":4,"column":2},"end":{"line":4,"column":null}},"type":"if","locations":[{"start":{"line":4,"column":2},"end":{"line":4,"column":null}}]}},"s":{"0":1,"1":1,"2":6,"3":1,"4":5,"5":1},"f":{"0":6},"b":{"0":[1]}}
,"C:\\Users\\ymzem\\Desktop\\fogex.js-fogex.js\\src\\patterns\\isFloat.ts": {"path":"C:\\Users\\ymzem\\Desktop\\fogex.js-fogex.js\\src\\patterns\\isFloat.ts","statementMap":{"0":{"start":{"line":1,"column":16},"end":{"line":1,"column":52}},"1":{"start":{"line":3,"column":16},"end":{"line":7,"column":1}},"2":{"start":{"line":4,"column":2},"end":{"line":4,"column":null}},"3":{"start":{"line":4,"column":14},"end":{"line":4,"column":null}},"4":{"start":{"line":6,"column":2},"end":{"line":6,"column":null}},"5":{"start":{"line":9,"column":0},"end":{"line":9,"column":null}}},"fnMap":{"0":{"name":"(anonymous_0)","decl":{"start":{"line":3,"column":16},"end":{"line":3,"column":17}},"loc":{"start":{"line":3,"column":32},"end":{"line":7,"column":1}}}},"branchMap":{"0":{"loc":{"start":{"line":4,"column":2},"end":{"line":4,"column":null}},"type":"if","locations":[{"start":{"line":4,"column":2},"end":{"line":4,"column":null}}]}},"s":{"0":1,"1":1,"2":18,"3":5,"4":13,"5":1},"f":{"0":18},"b":{"0":[5]}}
,"C:\\Users\\ymzem\\Desktop\\fogex.js-fogex.js\\src\\patterns\\isHash.ts": {"path":"C:\\Users\\ymzem\\Desktop\\fogex.js-fogex.js\\src\\patterns\\isHash.ts","statementMap":{"0":{"start":{"line":1,"column":16},"end":{"line":1,"column":48}},"1":{"start":{"line":3,"column":15},"end":{"line":7,"column":1}},"2":{"start":{"line":4,"column":2},"end":{"line":4,"column":null}},"3":{"start":{"line":4,"column":14},"end":{"line":4,"column":null}},"4":{"start":{"line":6,"column":2},"end":{"line":6,"column":null}},"5":{"start":{"line":9,"column":0},"end":{"line":9,"column":null}}},"fnMap":{"0":{"name":"(anonymous_0)","decl":{"start":{"line":3,"column":15},"end":{"line":3,"column":16}},"loc":{"start":{"line":3,"column":31},"end":{"line":7,"column":1}}}},"branchMap":{"0":{"loc":{"start":{"line":4,"column":2},"end":{"line":4,"column":null}},"type":"if","locations":[{"start":{"line":4,"column":2},"end":{"line":4,"column":null}}]}},"s":{"0":1,"1":1,"2":22,"3":5,"4":17,"5":1},"f":{"0":22},"b":{"0":[5]}}
,"C:\\Users\\ymzem\\Desktop\\fogex.js-fogex.js\\src\\patterns\\isHour.ts": {"path":"C:\\Users\\ymzem\\Desktop\\fogex.js-fogex.js\\src\\patterns\\isHour.ts","statementMap":{"0":{"start":{"line":1,"column":16},"end":{"line":4,"column":null}},"1":{"start":{"line":6,"column":15},"end":{"line":17,"column":1}},"2":{"start":{"line":10,"column":2},"end":{"line":10,"column":null}},"3":{"start":{"line":10,"column":14},"end":{"line":10,"column":null}},"4":{"start":{"line":12,"column":2},"end":{"line":14,"column":3}},"5":{"start":{"line":13,"column":4},"end":{"line":13,"column":null}},"6":{"start":{"line":16,"column":2},"end":{"line":16,"column":null}},"7":{"start":{"line":19,"column":0},"end":{"line":19,"column":null}}},"fnMap":{"0":{"name":"(anonymous_0)","decl":{"start":{"line":6,"column":15},"end":{"line":6,"column":null}},"loc":{"start":{"line":9,"column":25},"end":{"line":17,"column":1}}}},"branchMap":{"0":{"loc":{"start":{"line":10,"column":2},"end":{"line":10,"column":null}},"type":"if","locations":[{"start":{"line":10,"column":2},"end":{"line":10,"column":null}}]},"1":{"loc":{"start":{"line":12,"column":2},"end":{"line":14,"column":3}},"type":"if","locations":[{"start":{"line":12,"column":2},"end":{"line":14,"column":3}}]},"2":{"loc":{"start":{"line":12,"column":6},"end":{"line":12,"column":39}},"type":"binary-expr","locations":[{"start":{"line":12,"column":6},"end":{"line":12,"column":16}},{"start":{"line":12,"column":20},"end":{"line":12,"column":39}}]},"3":{"loc":{"start":{"line":16,"column":9},"end":{"line":16,"column":59}},"type":"binary-expr","locations":[{"start":{"line":16,"column":9},"end":{"line":16,"column":32}},{"start":{"line":16,"column":36},"end":{"line":16,"column":59}}]}},"s":{"0":1,"1":1,"2":26,"3":5,"4":21,"5":6,"6":15,"7":1},"f":{"0":26},"b":{"0":[5],"1":[6],"2":[21,6],"3":[15,12]}}
,"C:\\Users\\ymzem\\Desktop\\fogex.js-fogex.js\\src\\patterns\\isIdentityNumber.ts": {"path":"C:\\Users\\ymzem\\Desktop\\fogex.js-fogex.js\\src\\patterns\\isIdentityNumber.ts","statementMap":{"0":{"start":{"line":1,"column":16},"end":{"line":4,"column":null}},"1":{"start":{"line":6,"column":25},"end":{"line":17,"column":1}},"2":{"start":{"line":10,"column":2},"end":{"line":10,"column":null}},"3":{"start":{"line":10,"column":14},"end":{"line":10,"column":null}},"4":{"start":{"line":12,"column":2},"end":{"line":14,"column":3}},"5":{"start":{"line":13,"column":4},"end":{"line":13,"column":null}},"6":{"start":{"line":16,"column":2},"end":{"line":16,"column":null}},"7":{"start":{"line":19,"column":0},"end":{"line":19,"column":null}}},"fnMap":{"0":{"name":"(anonymous_0)","decl":{"start":{"line":6,"column":25},"end":{"line":6,"column":null}},"loc":{"start":{"line":9,"column":25},"end":{"line":17,"column":1}}}},"branchMap":{"0":{"loc":{"start":{"line":10,"column":2},"end":{"line":10,"column":null}},"type":"if","locations":[{"start":{"line":10,"column":2},"end":{"line":10,"column":null}}]},"1":{"loc":{"start":{"line":12,"column":2},"end":{"line":14,"column":3}},"type":"if","locations":[{"start":{"line":12,"column":2},"end":{"line":14,"column":3}}]},"2":{"loc":{"start":{"line":12,"column":6},"end":{"line":12,"column":39}},"type":"binary-expr","locations":[{"start":{"line":12,"column":6},"end":{"line":12,"column":16}},{"start":{"line":12,"column":20},"end":{"line":12,"column":39}}]},"3":{"loc":{"start":{"line":16,"column":9},"end":{"line":16,"column":57}},"type":"binary-expr","locations":[{"start":{"line":16,"column":9},"end":{"line":16,"column":31}},{"start":{"line":16,"column":35},"end":{"line":16,"column":57}}]}},"s":{"0":1,"1":1,"2":18,"3":4,"4":14,"5":8,"6":6,"7":1},"f":{"0":18},"b":{"0":[4],"1":[8],"2":[14,8],"3":[6,6]}}
,"C:\\Users\\ymzem\\Desktop\\fogex.js-fogex.js\\src\\patterns\\isImageUrl.ts": {"path":"C:\\Users\\ymzem\\Desktop\\fogex.js-fogex.js\\src\\patterns\\isImageUrl.ts","statementMap":{"0":{"start":{"line":1,"column":16},"end":{"line":8,"column":null}},"1":{"start":{"line":10,"column":19},"end":{"line":17,"column":1}},"2":{"start":{"line":14,"column":22},"end":{"line":14,"column":65}},"3":{"start":{"line":16,"column":2},"end":{"line":16,"column":null}},"4":{"start":{"line":19,"column":0},"end":{"line":19,"column":null}}},"fnMap":{"0":{"name":"(anonymous_0)","decl":{"start":{"line":10,"column":19},"end":{"line":10,"column":null}},"loc":{"start":{"line":13,"column":13},"end":{"line":17,"column":1}}}},"branchMap":{"0":{"loc":{"start":{"line":14,"column":41},"end":{"line":14,"column":63}},"type":"binary-expr","locations":[{"start":{"line":14,"column":41},"end":{"line":14,"column":50}},{"start":{"line":14,"column":54},"end":{"line":14,"column":63}}]},"1":{"loc":{"start":{"line":16,"column":26},"end":{"line":16,"column":37}},"type":"binary-expr","locations":[{"start":{"line":16,"column":26},"end":{"line":16,"column":31}},{"start":{"line":16,"column":35},"end":{"line":16,"column":37}}]}},"s":{"0":1,"1":1,"2":34,"3":34,"4":1},"f":{"0":34},"b":{"0":[34,0],"1":[34,0]}}
,"C:\\Users\\ymzem\\Desktop\\fogex.js-fogex.js\\src\\patterns\\isImei.ts": {"path":"C:\\Users\\ymzem\\Desktop\\fogex.js-fogex.js\\src\\patterns\\isImei.ts","statementMap":{"0":{"start":{"line":1,"column":16},"end":{"line":1,"column":41}},"1":{"start":{"line":3,"column":15},"end":{"line":7,"column":1}},"2":{"start":{"line":4,"column":2},"end":{"line":4,"column":null}},"3":{"start":{"line":4,"column":14},"end":{"line":4,"column":null}},"4":{"start":{"line":6,"column":2},"end":{"line":6,"column":null}},"5":{"start":{"line":9,"column":0},"end":{"line":9,"column":null}}},"fnMap":{"0":{"name":"(anonymous_0)","decl":{"start":{"line":3,"column":15},"end":{"line":3,"column":16}},"loc":{"start":{"line":3,"column":31},"end":{"line":7,"column":1}}}},"branchMap":{"0":{"loc":{"start":{"line":4,"column":2},"end":{"line":4,"column":null}},"type":"if","locations":[{"start":{"line":4,"column":2},"end":{"line":4,"column":null}}]}},"s":{"0":1,"1":1,"2":16,"3":5,"4":11,"5":1},"f":{"0":16},"b":{"0":[5]}}
,"C:\\Users\\ymzem\\Desktop\\fogex.js-fogex.js\\src\\patterns\\isInteger.ts": {"path":"C:\\Users\\ymzem\\Desktop\\fogex.js-fogex.js\\src\\patterns\\isInteger.ts","statementMap":{"0":{"start":{"line":1,"column":16},"end":{"line":1,"column":38}},"1":{"start":{"line":3,"column":18},"end":{"line":7,"column":1}},"2":{"start":{"line":4,"column":2},"end":{"line":4,"column":null}},"3":{"start":{"line":4,"column":14},"end":{"line":4,"column":null}},"4":{"start":{"line":6,"column":2},"end":{"line":6,"column":null}},"5":{"start":{"line":9,"column":0},"end":{"line":9,"column":null}}},"fnMap":{"0":{"name":"(anonymous_0)","decl":{"start":{"line":3,"column":18},"end":{"line":3,"column":19}},"loc":{"start":{"line":3,"column":34},"end":{"line":7,"column":1}}}},"branchMap":{"0":{"loc":{"start":{"line":4,"column":2},"end":{"line":4,"column":null}},"type":"if","locations":[{"start":{"line":4,"column":2},"end":{"line":4,"column":null}}]}},"s":{"0":1,"1":1,"2":1,"3":1,"4":0,"5":1},"f":{"0":1},"b":{"0":[1]}}
,"C:\\Users\\ymzem\\Desktop\\fogex.js-fogex.js\\src\\patterns\\isIp.ts": {"path":"C:\\Users\\ymzem\\Desktop\\fogex.js-fogex.js\\src\\patterns\\isIp.ts","statementMap":{"0":{"start":{"line":1,"column":14},"end":{"line":2,"column":null}},"1":{"start":{"line":5,"column":13},"end":{"line":9,"column":1}},"2":{"start":{"line":6,"column":2},"end":{"line":6,"column":null}},"3":{"start":{"line":6,"column":14},"end":{"line":6,"column":null}},"4":{"start":{"line":8,"column":2},"end":{"line":8,"column":null}},"5":{"start":{"line":11,"column":0},"end":{"line":11,"column":null}}},"fnMap":{"0":{"name":"(anonymous_0)","decl":{"start":{"line":5,"column":13},"end":{"line":5,"column":14}},"loc":{"start":{"line":5,"column":29},"end":{"line":9,"column":1}}}},"branchMap":{"0":{"loc":{"start":{"line":6,"column":2},"end":{"line":6,"column":null}},"type":"if","locations":[{"start":{"line":6,"column":2},"end":{"line":6,"column":null}}]}},"s":{"0":1,"1":1,"2":20,"3":5,"4":15,"5":1},"f":{"0":20},"b":{"0":[5]}}
,"C:\\Users\\ymzem\\Desktop\\fogex.js-fogex.js\\src\\patterns\\isIsbn.ts": {"path":"C:\\Users\\ymzem\\Desktop\\fogex.js-fogex.js\\src\\patterns\\isIsbn.ts","statementMap":{"0":{"start":{"line":1,"column":16},"end":{"line":2,"column":null}},"1":{"start":{"line":5,"column":15},"end":{"line":9,"column":1}},"2":{"start":{"line":6,"column":2},"end":{"line":6,"column":null}},"3":{"start":{"line":6,"column":14},"end":{"line":6,"column":null}},"4":{"start":{"line":8,"column":2},"end":{"line":8,"column":null}},"5":{"start":{"line":11,"column":0},"end":{"line":11,"column":null}}},"fnMap":{"0":{"name":"(anonymous_0)","decl":{"start":{"line":5,"column":15},"end":{"line":5,"column":16}},"loc":{"start":{"line":5,"column":31},"end":{"line":9,"column":1}}}},"branchMap":{"0":{"loc":{"start":{"line":6,"column":2},"end":{"line":6,"column":null}},"type":"if","locations":[{"start":{"line":6,"column":2},"end":{"line":6,"column":null}}]}},"s":{"0":1,"1":1,"2":16,"3":5,"4":11,"5":1},"f":{"0":16},"b":{"0":[5]}}
,"C:\\Users\\ymzem\\Desktop\\fogex.js-fogex.js\\src\\patterns\\isMac.ts": {"path":"C:\\Users\\ymzem\\Desktop\\fogex.js-fogex.js\\src\\patterns\\isMac.ts","statementMap":{"0":{"start":{"line":1,"column":16},"end":{"line":1,"column":71}},"1":{"start":{"line":3,"column":14},"end":{"line":7,"column":1}},"2":{"start":{"line":4,"column":2},"end":{"line":4,"column":null}},"3":{"start":{"line":4,"column":14},"end":{"line":4,"column":null}},"4":{"start":{"line":6,"column":2},"end":{"line":6,"column":null}},"5":{"start":{"line":9,"column":0},"end":{"line":9,"column":null}}},"fnMap":{"0":{"name":"(anonymous_0)","decl":{"start":{"line":3,"column":14},"end":{"line":3,"column":15}},"loc":{"start":{"line":3,"column":30},"end":{"line":7,"column":1}}}},"branchMap":{"0":{"loc":{"start":{"line":4,"column":2},"end":{"line":4,"column":null}},"type":"if","locations":[{"start":{"line":4,"column":2},"end":{"line":4,"column":null}}]}},"s":{"0":1,"1":1,"2":5,"3":0,"4":5,"5":1},"f":{"0":5},"b":{"0":[0]}}
,"C:\\Users\\ymzem\\Desktop\\fogex.js-fogex.js\\src\\patterns\\isMd5.ts": {"path":"C:\\Users\\ymzem\\Desktop\\fogex.js-fogex.js\\src\\patterns\\isMd5.ts","statementMap":{"0":{"start":{"line":1,"column":16},"end":{"line":1,"column":44}},"1":{"start":{"line":3,"column":14},"end":{"line":7,"column":1}},"2":{"start":{"line":4,"column":2},"end":{"line":4,"column":null}},"3":{"start":{"line":4,"column":14},"end":{"line":4,"column":null}},"4":{"start":{"line":6,"column":2},"end":{"line":6,"column":null}},"5":{"start":{"line":9,"column":0},"end":{"line":9,"column":null}}},"fnMap":{"0":{"name":"(anonymous_0)","decl":{"start":{"line":3,"column":14},"end":{"line":3,"column":15}},"loc":{"start":{"line":3,"column":30},"end":{"line":7,"column":1}}}},"branchMap":{"0":{"loc":{"start":{"line":4,"column":2},"end":{"line":4,"column":null}},"type":"if","locations":[{"start":{"line":4,"column":2},"end":{"line":4,"column":null}}]}},"s":{"0":1,"1":1,"2":19,"3":5,"4":14,"5":1},"f":{"0":19},"b":{"0":[5]}}
,"C:\\Users\\ymzem\\Desktop\\fogex.js-fogex.js\\src\\patterns\\isMongoId.ts": {"path":"C:\\Users\\ymzem\\Desktop\\fogex.js-fogex.js\\src\\patterns\\isMongoId.ts","statementMap":{"0":{"start":{"line":1,"column":16},"end":{"line":1,"column":47}},"1":{"start":{"line":3,"column":18},"end":{"line":7,"column":1}},"2":{"start":{"line":4,"column":2},"end":{"line":4,"column":null}},"3":{"start":{"line":4,"column":14},"end":{"line":4,"column":null}},"4":{"start":{"line":6,"column":2},"end":{"line":6,"column":null}},"5":{"start":{"line":9,"column":0},"end":{"line":9,"column":null}}},"fnMap":{"0":{"name":"(anonymous_0)","decl":{"start":{"line":3,"column":18},"end":{"line":3,"column":19}},"loc":{"start":{"line":3,"column":34},"end":{"line":7,"column":1}}}},"branchMap":{"0":{"loc":{"start":{"line":4,"column":2},"end":{"line":4,"column":null}},"type":"if","locations":[{"start":{"line":4,"column":2},"end":{"line":4,"column":null}}]}},"s":{"0":1,"1":1,"2":16,"3":5,"4":11,"5":1},"f":{"0":16},"b":{"0":[5]}}
,"C:\\Users\\ymzem\\Desktop\\fogex.js-fogex.js\\src\\patterns\\isMonth.ts": {"path":"C:\\Users\\ymzem\\Desktop\\fogex.js-fogex.js\\src\\patterns\\isMonth.ts","statementMap":{"0":{"start":{"line":1,"column":16},"end":{"line":2,"column":null}},"1":{"start":{"line":5,"column":16},"end":{"line":9,"column":1}},"2":{"start":{"line":6,"column":2},"end":{"line":6,"column":null}},"3":{"start":{"line":6,"column":14},"end":{"line":6,"column":null}},"4":{"start":{"line":8,"column":2},"end":{"line":8,"column":null}},"5":{"start":{"line":11,"column":0},"end":{"line":11,"column":null}}},"fnMap":{"0":{"name":"(anonymous_0)","decl":{"start":{"line":5,"column":16},"end":{"line":5,"column":17}},"loc":{"start":{"line":5,"column":32},"end":{"line":9,"column":1}}}},"branchMap":{"0":{"loc":{"start":{"line":6,"column":2},"end":{"line":6,"column":null}},"type":"if","locations":[{"start":{"line":6,"column":2},"end":{"line":6,"column":null}}]}},"s":{"0":1,"1":1,"2":26,"3":5,"4":21,"5":1},"f":{"0":26},"b":{"0":[5]}}
,"C:\\Users\\ymzem\\Desktop\\fogex.js-fogex.js\\src\\patterns\\isPassword.ts": {"path":"C:\\Users\\ymzem\\Desktop\\fogex.js-fogex.js\\src\\patterns\\isPassword.ts","statementMap":{"0":{"start":{"line":1,"column":14},"end":{"line":2,"column":null}},"1":{"start":{"line":5,"column":19},"end":{"line":9,"column":1}},"2":{"start":{"line":6,"column":2},"end":{"line":6,"column":null}},"3":{"start":{"line":6,"column":14},"end":{"line":6,"column":null}},"4":{"start":{"line":8,"column":2},"end":{"line":8,"column":null}},"5":{"start":{"line":11,"column":0},"end":{"line":11,"column":null}}},"fnMap":{"0":{"name":"(anonymous_0)","decl":{"start":{"line":5,"column":19},"end":{"line":5,"column":20}},"loc":{"start":{"line":5,"column":35},"end":{"line":9,"column":1}}}},"branchMap":{"0":{"loc":{"start":{"line":6,"column":2},"end":{"line":6,"column":null}},"type":"if","locations":[{"start":{"line":6,"column":2},"end":{"line":6,"column":null}}]}},"s":{"0":1,"1":1,"2":2,"3":0,"4":2,"5":1},"f":{"0":2},"b":{"0":[0]}}
,"C:\\Users\\ymzem\\Desktop\\fogex.js-fogex.js\\src\\patterns\\isPhoneNumber.ts": {"path":"C:\\Users\\ymzem\\Desktop\\fogex.js-fogex.js\\src\\patterns\\isPhoneNumber.ts","statementMap":{"0":{"start":{"line":1,"column":16},"end":{"line":4,"column":null}},"1":{"start":{"line":6,"column":22},"end":{"line":17,"column":1}},"2":{"start":{"line":10,"column":2},"end":{"line":10,"column":null}},"3":{"start":{"line":10,"column":14},"end":{"line":10,"column":null}},"4":{"start":{"line":12,"column":2},"end":{"line":14,"column":3}},"5":{"start":{"line":13,"column":4},"end":{"line":13,"column":null}},"6":{"start":{"line":16,"column":2},"end":{"line":16,"column":null}},"7":{"start":{"line":19,"column":0},"end":{"line":19,"column":null}}},"fnMap":{"0":{"name":"(anonymous_0)","decl":{"start":{"line":6,"column":22},"end":{"line":6,"column":null}},"loc":{"start":{"line":9,"column":25},"end":{"line":17,"column":1}}}},"branchMap":{"0":{"loc":{"start":{"line":10,"column":2},"end":{"line":10,"column":null}},"type":"if","locations":[{"start":{"line":10,"column":2},"end":{"line":10,"column":null}}]},"1":{"loc":{"start":{"line":12,"column":2},"end":{"line":14,"column":3}},"type":"if","locations":[{"start":{"line":12,"column":2},"end":{"line":14,"column":3}}]},"2":{"loc":{"start":{"line":12,"column":6},"end":{"line":12,"column":39}},"type":"binary-expr","locations":[{"start":{"line":12,"column":6},"end":{"line":12,"column":16}},{"start":{"line":12,"column":20},"end":{"line":12,"column":39}}]},"3":{"loc":{"start":{"line":16,"column":9},"end":{"line":16,"column":57}},"type":"binary-expr","locations":[{"start":{"line":16,"column":9},"end":{"line":16,"column":31}},{"start":{"line":16,"column":35},"end":{"line":16,"column":57}}]}},"s":{"0":1,"1":1,"2":21,"3":5,"4":16,"5":6,"6":10,"7":1},"f":{"0":21},"b":{"0":[5],"1":[6],"2":[16,6],"3":[10,10]}}
,"C:\\Users\\ymzem\\Desktop\\fogex.js-fogex.js\\src\\patterns\\isPin.ts": {"path":"C:\\Users\\ymzem\\Desktop\\fogex.js-fogex.js\\src\\patterns\\isPin.ts","statementMap":{"0":{"start":{"line":1,"column":16},"end":{"line":4,"column":null}},"1":{"start":{"line":6,"column":14},"end":{"line":17,"column":1}},"2":{"start":{"line":10,"column":2},"end":{"line":10,"column":null}},"3":{"start":{"line":10,"column":14},"end":{"line":10,"column":null}},"4":{"start":{"line":12,"column":2},"end":{"line":14,"column":3}},"5":{"start":{"line":13,"column":4},"end":{"line":13,"column":null}},"6":{"start":{"line":16,"column":2},"end":{"line":16,"column":null}},"7":{"start":{"line":19,"column":0},"end":{"line":19,"column":null}}},"fnMap":{"0":{"name":"(anonymous_0)","decl":{"start":{"line":6,"column":14},"end":{"line":6,"column":null}},"loc":{"start":{"line":9,"column":25},"end":{"line":17,"column":1}}}},"branchMap":{"0":{"loc":{"start":{"line":10,"column":2},"end":{"line":10,"column":null}},"type":"if","locations":[{"start":{"line":10,"column":2},"end":{"line":10,"column":null}}]},"1":{"loc":{"start":{"line":12,"column":2},"end":{"line":14,"column":3}},"type":"if","locations":[{"start":{"line":12,"column":2},"end":{"line":14,"column":3}}]},"2":{"loc":{"start":{"line":12,"column":6},"end":{"line":12,"column":37}},"type":"binary-expr","locations":[{"start":{"line":12,"column":6},"end":{"line":12,"column":15}},{"start":{"line":12,"column":19},"end":{"line":12,"column":37}}]},"3":{"loc":{"start":{"line":16,"column":9},"end":{"line":16,"column":57}},"type":"binary-expr","locations":[{"start":{"line":16,"column":9},"end":{"line":16,"column":31}},{"start":{"line":16,"column":35},"end":{"line":16,"column":57}}]}},"s":{"0":1,"1":1,"2":20,"3":5,"4":15,"5":8,"6":7,"7":1},"f":{"0":20},"b":{"0":[5],"1":[8],"2":[15,8],"3":[7,7]}}
,"C:\\Users\\ymzem\\Desktop\\fogex.js-fogex.js\\src\\patterns\\isPlate.ts": {"path":"C:\\Users\\ymzem\\Desktop\\fogex.js-fogex.js\\src\\patterns\\isPlate.ts","statementMap":{"0":{"start":{"line":1,"column":16},"end":{"line":4,"column":null}},"1":{"start":{"line":6,"column":16},"end":{"line":17,"column":1}},"2":{"start":{"line":10,"column":2},"end":{"line":10,"column":null}},"3":{"start":{"line":10,"column":14},"end":{"line":10,"column":null}},"4":{"start":{"line":12,"column":2},"end":{"line":14,"column":3}},"5":{"start":{"line":13,"column":4},"end":{"line":13,"column":null}},"6":{"start":{"line":16,"column":2},"end":{"line":16,"column":null}},"7":{"start":{"line":18,"column":0},"end":{"line":18,"column":null}}},"fnMap":{"0":{"name":"(anonymous_0)","decl":{"start":{"line":6,"column":16},"end":{"line":6,"column":null}},"loc":{"start":{"line":9,"column":25},"end":{"line":17,"column":1}}}},"branchMap":{"0":{"loc":{"start":{"line":10,"column":2},"end":{"line":10,"column":null}},"type":"if","locations":[{"start":{"line":10,"column":2},"end":{"line":10,"column":null}}]},"1":{"loc":{"start":{"line":12,"column":2},"end":{"line":14,"column":3}},"type":"if","locations":[{"start":{"line":12,"column":2},"end":{"line":14,"column":3}}]},"2":{"loc":{"start":{"line":12,"column":6},"end":{"line":12,"column":39}},"type":"binary-expr","locations":[{"start":{"line":12,"column":6},"end":{"line":12,"column":16}},{"start":{"line":12,"column":20},"end":{"line":12,"column":39}}]},"3":{"loc":{"start":{"line":16,"column":9},"end":{"line":16,"column":57}},"type":"binary-expr","locations":[{"start":{"line":16,"column":9},"end":{"line":16,"column":31}},{"start":{"line":16,"column":35},"end":{"line":16,"column":57}}]}},"s":{"0":1,"1":1,"2":3,"3":0,"4":3,"5":3,"6":0,"7":1},"f":{"0":3},"b":{"0":[0],"1":[3],"2":[3,3],"3":[0,0]}}
,"C:\\Users\\ymzem\\Desktop\\fogex.js-fogex.js\\src\\patterns\\isPort.ts": {"path":"C:\\Users\\ymzem\\Desktop\\fogex.js-fogex.js\\src\\patterns\\isPort.ts","statementMap":{"0":{"start":{"line":1,"column":16},"end":{"line":2,"column":null}},"1":{"start":{"line":5,"column":15},"end":{"line":9,"column":1}},"2":{"start":{"line":6,"column":2},"end":{"line":6,"column":null}},"3":{"start":{"line":6,"column":14},"end":{"line":6,"column":null}},"4":{"start":{"line":8,"column":2},"end":{"line":8,"column":null}},"5":{"start":{"line":11,"column":0},"end":{"line":11,"column":null}}},"fnMap":{"0":{"name":"(anonymous_0)","decl":{"start":{"line":5,"column":15},"end":{"line":5,"column":16}},"loc":{"start":{"line":5,"column":31},"end":{"line":9,"column":1}}}},"branchMap":{"0":{"loc":{"start":{"line":6,"column":2},"end":{"line":6,"column":null}},"type":"if","locations":[{"start":{"line":6,"column":2},"end":{"line":6,"column":null}}]}},"s":{"0":1,"1":1,"2":13,"3":4,"4":9,"5":1},"f":{"0":13},"b":{"0":[4]}}
,"C:\\Users\\ymzem\\Desktop\\fogex.js-fogex.js\\src\\patterns\\isPostalCode.ts": {"path":"C:\\Users\\ymzem\\Desktop\\fogex.js-fogex.js\\src\\patterns\\isPostalCode.ts","statementMap":{"0":{"start":{"line":1,"column":16},"end":{"line":4,"column":null}},"1":{"start":{"line":6,"column":21},"end":{"line":17,"column":1}},"2":{"start":{"line":10,"column":2},"end":{"line":10,"column":null}},"3":{"start":{"line":10,"column":14},"end":{"line":10,"column":null}},"4":{"start":{"line":12,"column":2},"end":{"line":14,"column":3}},"5":{"start":{"line":13,"column":4},"end":{"line":13,"column":null}},"6":{"start":{"line":16,"column":2},"end":{"line":16,"column":null}},"7":{"start":{"line":19,"column":0},"end":{"line":19,"column":null}}},"fnMap":{"0":{"name":"(anonymous_0)","decl":{"start":{"line":6,"column":21},"end":{"line":6,"column":null}},"loc":{"start":{"line":9,"column":25},"end":{"line":17,"column":1}}}},"branchMap":{"0":{"loc":{"start":{"line":10,"column":2},"end":{"line":10,"column":null}},"type":"if","locations":[{"start":{"line":10,"column":2},"end":{"line":10,"column":null}}]},"1":{"loc":{"start":{"line":12,"column":2},"end":{"line":14,"column":3}},"type":"if","locations":[{"start":{"line":12,"column":2},"end":{"line":14,"column":3}}]},"2":{"loc":{"start":{"line":12,"column":6},"end":{"line":12,"column":39}},"type":"binary-expr","locations":[{"start":{"line":12,"column":6},"end":{"line":12,"column":16}},{"start":{"line":12,"column":20},"end":{"line":12,"column":39}}]},"3":{"loc":{"start":{"line":16,"column":9},"end":{"line":16,"column":57}},"type":"binary-expr","locations":[{"start":{"line":16,"column":9},"end":{"line":16,"column":31}},{"start":{"line":16,"column":35},"end":{"line":16,"column":57}}]}},"s":{"0":1,"1":1,"2":5,"3":0,"4":5,"5":5,"6":0,"7":1},"f":{"0":5},"b":{"0":[0],"1":[5],"2":[5,5],"3":[0,0]}}
,"C:\\Users\\ymzem\\Desktop\\fogex.js-fogex.js\\src\\patterns\\isString.ts": {"path":"C:\\Users\\ymzem\\Desktop\\fogex.js-fogex.js\\src\\patterns\\isString.ts","statementMap":{"0":{"start":{"line":1,"column":14},"end":{"line":1,"column":39}},"1":{"start":{"line":3,"column":17},"end":{"line":7,"column":1}},"2":{"start":{"line":4,"column":2},"end":{"line":4,"column":null}},"3":{"start":{"line":4,"column":14},"end":{"line":4,"column":null}},"4":{"start":{"line":6,"column":2},"end":{"line":6,"column":null}},"5":{"start":{"line":9,"column":0},"end":{"line":9,"column":null}}},"fnMap":{"0":{"name":"(anonymous_0)","decl":{"start":{"line":3,"column":17},"end":{"line":3,"column":18}},"loc":{"start":{"line":3,"column":33},"end":{"line":7,"column":1}}}},"branchMap":{"0":{"loc":{"start":{"line":4,"column":2},"end":{"line":4,"column":null}},"type":"if","locations":[{"start":{"line":4,"column":2},"end":{"line":4,"column":null}}]}},"s":{"0":1,"1":1,"2":2,"3":1,"4":1,"5":1},"f":{"0":2},"b":{"0":[1]}}
,"C:\\Users\\ymzem\\Desktop\\fogex.js-fogex.js\\src\\patterns\\isWhiteSpace.ts": {"path":"C:\\Users\\ymzem\\Desktop\\fogex.js-fogex.js\\src\\patterns\\isWhiteSpace.ts","statementMap":{"0":{"start":{"line":1,"column":16},"end":{"line":1,"column":34}},"1":{"start":{"line":3,"column":21},"end":{"line":7,"column":1}},"2":{"start":{"line":4,"column":2},"end":{"line":4,"column":null}},"3":{"start":{"line":4,"column":14},"end":{"line":4,"column":null}},"4":{"start":{"line":6,"column":2},"end":{"line":6,"column":null}},"5":{"start":{"line":9,"column":0},"end":{"line":9,"column":null}}},"fnMap":{"0":{"name":"(anonymous_0)","decl":{"start":{"line":3,"column":21},"end":{"line":3,"column":22}},"loc":{"start":{"line":3,"column":37},"end":{"line":7,"column":1}}}},"branchMap":{"0":{"loc":{"start":{"line":4,"column":2},"end":{"line":4,"column":null}},"type":"if","locations":[{"start":{"line":4,"column":2},"end":{"line":4,"column":null}}]}},"s":{"0":1,"1":1,"2":12,"3":3,"4":9,"5":1},"f":{"0":12},"b":{"0":[3]}}
}
