TN:
SF:src\customPattern\customPattern.ts
FN:1,(anonymous_0)
FN:10,(anonymous_1)
FN:17,(anonymous_2)
FNF:3
FNH:3
FNDA:16,(anonymous_0)
FNDA:57,(anonymous_1)
FNDA:57,(anonymous_2)
DA:1,1
DA:6,16
DA:7,16
DA:8,16
DA:10,16
DA:11,57
DA:12,9
DA:14,48
DA:17,57
DA:19,16
DA:20,9
DA:23,16
DA:25,16
DA:31,16
DA:36,16
DA:37,16
DA:38,16
DA:39,16
DA:41,16
DA:42,16
DA:43,16
DA:44,16
DA:46,16
DA:50,16
DA:53,1
LF:25
LH:25
BRDA:11,0,0,9
BRDA:37,1,0,16
BRDA:37,1,1,13
BRDA:38,2,0,16
BRDA:38,2,1,11
BRDA:39,3,0,16
BRDA:39,3,1,11
BRDA:41,4,0,13
BRDA:41,4,1,3
BRDA:42,5,0,8
BRDA:42,5,1,8
BRDA:43,6,0,11
BRDA:43,6,1,5
BRDA:44,7,0,7
BRDA:44,7,1,9
BRF:15
BRH:15
end_of_record
TN:
SF:src\generatorPattern\GeneratorPattern.ts
FN:13,(anonymous_0)
FN:17,(anonymous_1)
FN:19,(anonymous_2)
FN:21,(anonymous_3)
FN:23,(anonymous_4)
FN:24,(anonymous_5)
FN:30,(anonymous_6)
FN:38,(anonymous_7)
FN:42,(anonymous_8)
FN:46,(anonymous_9)
FN:50,(anonymous_10)
FN:54,(anonymous_11)
FNF:12
FNH:12
FNDA:38,(anonymous_0)
FNDA:38,(anonymous_1)
FNDA:38,(anonymous_2)
FNDA:38,(anonymous_3)
FNDA:38,(anonymous_4)
FNDA:38,(anonymous_5)
FNDA:152,(anonymous_6)
FNDA:19,(anonymous_7)
FNDA:19,(anonymous_8)
FNDA:18,(anonymous_9)
FNDA:18,(anonymous_10)
FNDA:38,(anonymous_11)
DA:14,38
DA:18,38
DA:20,38
DA:22,38
DA:23,38
DA:25,38
DA:30,38
DA:31,152
DA:33,38
DA:39,19
DA:43,19
DA:47,18
DA:51,18
DA:55,38
DA:56,38
DA:60,1
LF:16
LH:16
BRDA:20,0,0,19
BRDA:20,0,1,19
BRDA:22,1,0,19
BRDA:22,1,1,19
BRDA:23,2,0,18
BRDA:23,2,1,20
BRDA:25,3,0,18
BRDA:25,3,1,20
BRDA:33,4,0,38
BRDA:33,4,1,33
BRDA:34,5,0,38
BRDA:34,5,1,34
BRF:12
BRH:12
end_of_record
TN:
SF:src\patterns\isAscii.ts
FN:3,(anonymous_0)
FNF:1
FNH:1
FNDA:19,(anonymous_0)
DA:1,1
DA:3,1
DA:4,19
DA:6,16
DA:9,1
LF:5
LH:5
BRDA:4,0,0,3
BRF:1
BRH:1
end_of_record
TN:
SF:src\patterns\isBoolean.ts
FN:3,(anonymous_0)
FNF:1
FNH:1
FNDA:2,(anonymous_0)
DA:1,1
DA:3,1
DA:4,2
DA:6,1
DA:9,1
LF:5
LH:5
BRDA:4,0,0,1
BRF:1
BRH:1
end_of_record
TN:
SF:src\patterns\isCase.ts
FN:8,(anonymous_0)
FNF:1
FNH:1
FNDA:19,(anonymous_0)
DA:1,1
DA:8,1
DA:12,19
DA:14,19
DA:17,1
LF:5
LH:5
BRDA:12,0,0,19
BRDA:12,0,1,7
BRDA:14,1,0,19
BRDA:14,1,1,3
BRF:4
BRH:4
end_of_record
TN:
SF:src\patterns\isColorCode.ts
FN:7,(anonymous_0)
FNF:1
FNH:1
FNDA:16,(anonymous_0)
DA:1,1
DA:7,1
DA:11,16
DA:13,15
DA:16,1
LF:5
LH:5
BRDA:11,0,0,1
BRDA:13,1,0,14
BRDA:13,1,1,1
BRDA:13,2,0,15
BRDA:13,2,1,15
BRF:5
BRH:5
end_of_record
TN:
SF:src\patterns\isCreditCard.ts
FN:7,(anonymous_0)
FNF:1
FNH:1
FNDA:12,(anonymous_0)
DA:1,1
DA:7,1
DA:11,12
DA:13,12
DA:16,1
LF:5
LH:5
BRDA:11,0,0,12
BRDA:11,0,1,5
BRDA:13,1,0,12
BRDA:13,1,1,3
BRF:4
BRH:4
end_of_record
TN:
SF:src\patterns\isEmail.ts
FN:3,(anonymous_0)
FNF:1
FNH:1
FNDA:6,(anonymous_0)
DA:1,1
DA:3,1
DA:4,6
DA:6,5
DA:9,1
LF:5
LH:5
BRDA:4,0,0,1
BRF:1
BRH:1
end_of_record
TN:
SF:src\patterns\isFloat.ts
FN:3,(anonymous_0)
FNF:1
FNH:1
FNDA:18,(anonymous_0)
DA:1,1
DA:3,1
DA:4,18
DA:6,13
DA:9,1
LF:5
LH:5
BRDA:4,0,0,5
BRF:1
BRH:1
end_of_record
TN:
SF:src\patterns\isHash.ts
FN:3,(anonymous_0)
FNF:1
FNH:1
FNDA:22,(anonymous_0)
DA:1,1
DA:3,1
DA:4,22
DA:6,17
DA:9,1
LF:5
LH:5
BRDA:4,0,0,5
BRF:1
BRH:1
end_of_record
TN:
SF:src\patterns\isHour.ts
FN:6,(anonymous_0)
FNF:1
FNH:1
FNDA:26,(anonymous_0)
DA:1,1
DA:6,1
DA:10,26
DA:12,21
DA:13,6
DA:16,15
DA:19,1
LF:7
LH:7
BRDA:10,0,0,5
BRDA:12,1,0,6
BRDA:12,2,0,21
BRDA:12,2,1,6
BRDA:16,3,0,15
BRDA:16,3,1,12
BRF:6
BRH:6
end_of_record
TN:
SF:src\patterns\isIdentityNumber.ts
FN:6,(anonymous_0)
FNF:1
FNH:1
FNDA:18,(anonymous_0)
DA:1,1
DA:6,1
DA:10,18
DA:12,14
DA:13,8
DA:16,6
DA:19,1
LF:7
LH:7
BRDA:10,0,0,4
BRDA:12,1,0,8
BRDA:12,2,0,14
BRDA:12,2,1,8
BRDA:16,3,0,6
BRDA:16,3,1,6
BRF:6
BRH:6
end_of_record
TN:
SF:src\patterns\isImageUrl.ts
FN:10,(anonymous_0)
FNF:1
FNH:1
FNDA:34,(anonymous_0)
DA:1,1
DA:10,1
DA:14,34
DA:16,34
DA:19,1
LF:5
LH:5
BRDA:14,0,0,34
BRDA:14,0,1,0
BRDA:16,1,0,34
BRDA:16,1,1,0
BRF:4
BRH:2
end_of_record
TN:
SF:src\patterns\isImei.ts
FN:3,(anonymous_0)
FNF:1
FNH:1
FNDA:16,(anonymous_0)
DA:1,1
DA:3,1
DA:4,16
DA:6,11
DA:9,1
LF:5
LH:5
BRDA:4,0,0,5
BRF:1
BRH:1
end_of_record
TN:
SF:src\patterns\isInteger.ts
FN:3,(anonymous_0)
FNF:1
FNH:1
FNDA:1,(anonymous_0)
DA:1,1
DA:3,1
DA:4,1
DA:6,0
DA:9,1
LF:5
LH:4
BRDA:4,0,0,1
BRF:1
BRH:1
end_of_record
TN:
SF:src\patterns\isIp.ts
FN:5,(anonymous_0)
FNF:1
FNH:1
FNDA:20,(anonymous_0)
DA:1,1
DA:5,1
DA:6,20
DA:8,15
DA:11,1
LF:5
LH:5
BRDA:6,0,0,5
BRF:1
BRH:1
end_of_record
TN:
SF:src\patterns\isIsbn.ts
FN:5,(anonymous_0)
FNF:1
FNH:1
FNDA:16,(anonymous_0)
DA:1,1
DA:5,1
DA:6,16
DA:8,11
DA:11,1
LF:5
LH:5
BRDA:6,0,0,5
BRF:1
BRH:1
end_of_record
TN:
SF:src\patterns\isMac.ts
FN:3,(anonymous_0)
FNF:1
FNH:1
FNDA:5,(anonymous_0)
DA:1,1
DA:3,1
DA:4,5
DA:6,5
DA:9,1
LF:5
LH:5
BRDA:4,0,0,0
BRF:1
BRH:0
end_of_record
TN:
SF:src\patterns\isMd5.ts
FN:3,(anonymous_0)
FNF:1
FNH:1
FNDA:19,(anonymous_0)
DA:1,1
DA:3,1
DA:4,19
DA:6,14
DA:9,1
LF:5
LH:5
BRDA:4,0,0,5
BRF:1
BRH:1
end_of_record
TN:
SF:src\patterns\isMongoId.ts
FN:3,(anonymous_0)
FNF:1
FNH:1
FNDA:16,(anonymous_0)
DA:1,1
DA:3,1
DA:4,16
DA:6,11
DA:9,1
LF:5
LH:5
BRDA:4,0,0,5
BRF:1
BRH:1
end_of_record
TN:
SF:src\patterns\isMonth.ts
FN:5,(anonymous_0)
FNF:1
FNH:1
FNDA:26,(anonymous_0)
DA:1,1
DA:5,1
DA:6,26
DA:8,21
DA:11,1
LF:5
LH:5
BRDA:6,0,0,5
BRF:1
BRH:1
end_of_record
TN:
SF:src\patterns\isPassword.ts
FN:5,(anonymous_0)
FNF:1
FNH:1
FNDA:2,(anonymous_0)
DA:1,1
DA:5,1
DA:6,2
DA:8,2
DA:11,1
LF:5
LH:5
BRDA:6,0,0,0
BRF:1
BRH:0
end_of_record
TN:
SF:src\patterns\isPhoneNumber.ts
FN:6,(anonymous_0)
FNF:1
FNH:1
FNDA:21,(anonymous_0)
DA:1,1
DA:6,1
DA:10,21
DA:12,16
DA:13,6
DA:16,10
DA:19,1
LF:7
LH:7
BRDA:10,0,0,5
BRDA:12,1,0,6
BRDA:12,2,0,16
BRDA:12,2,1,6
BRDA:16,3,0,10
BRDA:16,3,1,10
BRF:6
BRH:6
end_of_record
TN:
SF:src\patterns\isPin.ts
FN:6,(anonymous_0)
FNF:1
FNH:1
FNDA:20,(anonymous_0)
DA:1,1
DA:6,1
DA:10,20
DA:12,15
DA:13,8
DA:16,7
DA:19,1
LF:7
LH:7
BRDA:10,0,0,5
BRDA:12,1,0,8
BRDA:12,2,0,15
BRDA:12,2,1,8
BRDA:16,3,0,7
BRDA:16,3,1,7
BRF:6
BRH:6
end_of_record
TN:
SF:src\patterns\isPlate.ts
FN:6,(anonymous_0)
FNF:1
FNH:1
FNDA:3,(anonymous_0)
DA:1,1
DA:6,1
DA:10,3
DA:12,3
DA:13,3
DA:16,0
DA:18,1
LF:7
LH:6
BRDA:10,0,0,0
BRDA:12,1,0,3
BRDA:12,2,0,3
BRDA:12,2,1,3
BRDA:16,3,0,0
BRDA:16,3,1,0
BRF:6
BRH:3
end_of_record
TN:
SF:src\patterns\isPort.ts
FN:5,(anonymous_0)
FNF:1
FNH:1
FNDA:13,(anonymous_0)
DA:1,1
DA:5,1
DA:6,13
DA:8,9
DA:11,1
LF:5
LH:5
BRDA:6,0,0,4
BRF:1
BRH:1
end_of_record
TN:
SF:src\patterns\isPostalCode.ts
FN:6,(anonymous_0)
FNF:1
FNH:1
FNDA:5,(anonymous_0)
DA:1,1
DA:6,1
DA:10,5
DA:12,5
DA:13,5
DA:16,0
DA:19,1
LF:7
LH:6
BRDA:10,0,0,0
BRDA:12,1,0,5
BRDA:12,2,0,5
BRDA:12,2,1,5
BRDA:16,3,0,0
BRDA:16,3,1,0
BRF:6
BRH:3
end_of_record
TN:
SF:src\patterns\isString.ts
FN:3,(anonymous_0)
FNF:1
FNH:1
FNDA:2,(anonymous_0)
DA:1,1
DA:3,1
DA:4,2
DA:6,1
DA:9,1
LF:5
LH:5
BRDA:4,0,0,1
BRF:1
BRH:1
end_of_record
TN:
SF:src\patterns\isWhiteSpace.ts
FN:3,(anonymous_0)
FNF:1
FNH:1
FNDA:12,(anonymous_0)
DA:1,1
DA:3,1
DA:4,12
DA:6,9
DA:9,1
LF:5
LH:5
BRDA:4,0,0,3
BRF:1
BRH:1
end_of_record
