TN:
SF:fogex/patterns/patternCreator/creatorPattern.ts
FN:1,(anonymous_0)
FN:6,(anonymous_1)
FN:12,(anonymous_2)
FN:21,(anonymous_3)
FN:22,(anonymous_4)
FNF:5
FNH:3
FNDA:11,(anonymous_0)
FNDA:31,(anonymous_1)
FNDA:31,(anonymous_2)
FNDA:0,(anonymous_3)
FNDA:0,(anonymous_4)
DA:1,1
DA:2,11
DA:3,11
DA:4,11
DA:6,11
DA:7,31
DA:8,3
DA:12,31
DA:14,11
DA:15,3
DA:18,11
DA:20,11
DA:21,11
DA:22,0
DA:23,0
DA:27,0
DA:31,11
DA:33,11
DA:35,11
DA:37,11
DA:39,11
DA:40,11
DA:41,11
DA:42,11
DA:44,11
DA:48,11
LF:26
LH:23
BRDA:7,0,0,3
BRDA:7,0,1,28
BRDA:23,1,0,0
BRDA:23,1,1,0
BRDA:33,2,0,11
BRDA:33,2,1,8
BRDA:35,3,0,11
BRDA:35,3,1,6
BRDA:37,4,0,11
BRDA:37,4,1,6
BRDA:39,5,0,8
BRDA:39,5,1,3
BRDA:40,6,0,7
BRDA:40,6,1,4
BRDA:41,7,0,6
BRDA:41,7,1,5
BRDA:42,8,0,5
BRDA:42,8,1,6
BRF:18
BRH:16
end_of_record
